<?xml version="1.0" encoding="UTF-8" standalone="no"?>
<testsuite errors="0" failures="0" name="io.cucumber.core.plugin.JUnitFormatter" skipped="0" tests="1" time="9.337">
    <testcase classname="Login tests" name="Successful login with valid credentials Using extrenal test data" time="9.157">
        <system-out>
            <![CDATA[Given User opens URL........................................................passed
When User enters username and password......................................passed
And User click on Login button..............................................passed
Then User verify page title.................................................passed
When the User click on Log out link.........................................passed
Then close the broswer......................................................passed
]]>
        </system-out>
    </testcase>
</testsuite>
